<?xml version="1.0" encoding="UTF-8"?>
<testng-results skipped="0" failed="0" ignored="0" total="1" passed="1">
  <reporter-output>
  </reporter-output>
  <suite name="Regression Suite" duration-ms="23657" started-at="2018-06-10T20:00:13Z" finished-at="2018-06-10T20:00:36Z">
    <groups>
    </groups>
    <test name="TC002_verifyRegisteration" duration-ms="23657" started-at="2018-06-10T20:00:13Z" finished-at="2018-06-10T20:00:36Z">
      <class name="automation_homePage.TC002_verifyRegisteration">
        <test-method status="PASS" signature="setup()[pri:0, instance:automation_homePage.TC002_verifyRegisteration@72d818d1]" name="setup" is-config="true" duration-ms="17520" started-at="2018-06-10T20:00:13Z" finished-at="2018-06-10T20:00:30Z">
          <reporter-output>
          </reporter-output>
        </test-method> <!-- setup -->
        <test-method status="PASS" signature="createaccount()[pri:0, instance:automation_homePage.TC002_verifyRegisteration@72d818d1]" name="createaccount" duration-ms="6096" started-at="2018-06-10T20:00:30Z" finished-at="2018-06-10T20:00:36Z">
          <reporter-output>
          </reporter-output>
        </test-method> <!-- createaccount -->
        <test-method status="PASS" signature="endTest()[pri:0, instance:automation_homePage.TC002_verifyRegisteration@72d818d1]" name="endTest" is-config="true" duration-ms="0" started-at="2018-06-10T20:00:36Z" finished-at="2018-06-10T20:00:36Z">
          <reporter-output>
          </reporter-output>
        </test-method> <!-- endTest -->
      </class> <!-- automation_homePage.TC002_verifyRegisteration -->
    </test> <!-- TC002_verifyRegisteration -->
  </suite> <!-- Regression Suite -->
</testng-results>
